TimeQuest Timing Analyzer report for part2er1
Fri May 03 00:49:21 2019
Quartus II Version 9.1 Build 350 03/24/2010 Service Pack 2 SJ Web Edition


---------------------
; Table of Contents ;
---------------------
  1. Legal Notice
  2. TimeQuest Timing Analyzer Summary
  3. Parallel Compilation
  4. SDC File List
  5. Clocks
  6. Slow Model Fmax Summary
  7. Slow Model Setup Summary
  8. Slow Model Hold Summary
  9. Slow Model Recovery Summary
 10. Slow Model Removal Summary
 11. Slow Model Minimum Pulse Width Summary
 12. Slow Model Minimum Pulse Width: 'CLK'
 13. Setup Times
 14. Hold Times
 15. Clock to Output Times
 16. Minimum Clock to Output Times
 17. Propagation Delay
 18. Minimum Propagation Delay
 19. Fast Model Setup Summary
 20. Fast Model Hold Summary
 21. Fast Model Recovery Summary
 22. Fast Model Removal Summary
 23. Fast Model Minimum Pulse Width Summary
 24. Fast Model Minimum Pulse Width: 'CLK'
 25. Setup Times
 26. Hold Times
 27. Clock to Output Times
 28. Minimum Clock to Output Times
 29. Propagation Delay
 30. Minimum Propagation Delay
 31. Multicorner Timing Analysis Summary
 32. Setup Times
 33. Hold Times
 34. Clock to Output Times
 35. Minimum Clock to Output Times
 36. Progagation Delay
 37. Minimum Progagation Delay
 38. Clock Transfers
 39. Report TCCS
 40. Report RSKM
 41. Unconstrained Paths
 42. TimeQuest Timing Analyzer Messages



----------------
; Legal Notice ;
----------------
Copyright (C) 1991-2010 Altera Corporation
Your use of Altera Corporation's design tools, logic functions 
and other software and tools, and its AMPP partner logic 
functions, and any output files from any of the foregoing 
(including device programming or simulation files), and any 
associated documentation or information are expressly subject 
to the terms and conditions of the Altera Program License 
Subscription Agreement, Altera MegaCore Function License 
Agreement, or other applicable license agreement, including, 
without limitation, that your use is for the sole purpose of 
programming logic devices manufactured by Altera and sold by 
Altera or its authorized distributors.  Please refer to the 
applicable agreement for further details.



+-------------------------------------------------------------------------------------+
; TimeQuest Timing Analyzer Summary                                                   ;
+--------------------+----------------------------------------------------------------+
; Quartus II Version ; Version 9.1 Build 350 03/24/2010 Service Pack 2 SJ Web Edition ;
; Revision Name      ; part2er1                                                       ;
; Device Family      ; Cyclone II                                                     ;
; Device Name        ; EP2C35F672C6                                                   ;
; Timing Models      ; Final                                                          ;
; Delay Model        ; Combined                                                       ;
; Rise/Fall Delays   ; Unavailable                                                    ;
+--------------------+----------------------------------------------------------------+


Parallel compilation was disabled, but you have multiple processors available. Enable parallel compilation to reduce compilation time.
+-------------------------------------+
; Parallel Compilation                ;
+----------------------------+--------+
; Processors                 ; Number ;
+----------------------------+--------+
; Number detected on machine ; 4      ;
; Maximum allowed            ; 1      ;
+----------------------------+--------+


+---------------------------------------------------+
; SDC File List                                     ;
+---------------+--------+--------------------------+
; SDC File Path ; Status ; Read at                  ;
+---------------+--------+--------------------------+
; part2er1.sdc  ; OK     ; Fri May 03 00:49:21 2019 ;
+---------------+--------+--------------------------+


+---------------------------------------------------------------------------------------------------------------------------------------------------------------------------------+
; Clocks                                                                                                                                                                          ;
+------------+------+--------+------------+-------+-------+------------+-----------+-------------+-------+--------+-----------+------------+----------+--------+--------+---------+
; Clock Name ; Type ; Period ; Frequency  ; Rise  ; Fall  ; Duty Cycle ; Divide by ; Multiply by ; Phase ; Offset ; Edge List ; Edge Shift ; Inverted ; Master ; Source ; Targets ;
+------------+------+--------+------------+-------+-------+------------+-----------+-------------+-------+--------+-----------+------------+----------+--------+--------+---------+
; CLK        ; Base ; 1.000  ; 1000.0 MHz ; 0.000 ; 0.500 ;            ;           ;             ;       ;        ;           ;            ;          ;        ;        ; { CLK } ;
+------------+------+--------+------------+-------+-------+------------+-----------+-------------+-------+--------+-----------+------------+----------+--------+--------+---------+


---------------------------
; Slow Model Fmax Summary ;
---------------------------
No paths to report.


----------------------------
; Slow Model Setup Summary ;
----------------------------
No paths to report.


---------------------------
; Slow Model Hold Summary ;
---------------------------
No paths to report.


-------------------------------
; Slow Model Recovery Summary ;
-------------------------------
No paths to report.


------------------------------
; Slow Model Removal Summary ;
------------------------------
No paths to report.


+----------------------------------------+
; Slow Model Minimum Pulse Width Summary ;
+-------+--------+-----------------------+
; Clock ; Slack  ; End Point TNS         ;
+-------+--------+-----------------------+
; CLK   ; -1.380 ; -9.380                ;
+-------+--------+-----------------------+


+------------------------------------------------------------------------------------------------------------+
; Slow Model Minimum Pulse Width: 'CLK'                                                                      ;
+--------+--------------+----------------+------------------+-------+------------+---------------------------+
; Slack  ; Actual Width ; Required Width ; Type             ; Clock ; Clock Edge ; Target                    ;
+--------+--------------+----------------+------------------+-------+------------+---------------------------+
; -1.380 ; 1.000        ; 2.380          ; Port Rate        ; CLK   ; Rise       ; CLK                       ;
; -0.500 ; 0.500        ; 1.000          ; High Pulse Width ; CLK   ; Rise       ; dfreg:inst|Q[0]~_emulated ;
; -0.500 ; 0.500        ; 1.000          ; Low Pulse Width  ; CLK   ; Rise       ; dfreg:inst|Q[0]~_emulated ;
; -0.500 ; 0.500        ; 1.000          ; High Pulse Width ; CLK   ; Rise       ; dfreg:inst|Q[1]~_emulated ;
; -0.500 ; 0.500        ; 1.000          ; Low Pulse Width  ; CLK   ; Rise       ; dfreg:inst|Q[1]~_emulated ;
; -0.500 ; 0.500        ; 1.000          ; High Pulse Width ; CLK   ; Rise       ; dfreg:inst|Q[2]~_emulated ;
; -0.500 ; 0.500        ; 1.000          ; Low Pulse Width  ; CLK   ; Rise       ; dfreg:inst|Q[2]~_emulated ;
; -0.500 ; 0.500        ; 1.000          ; High Pulse Width ; CLK   ; Rise       ; dfreg:inst|Q[3]~_emulated ;
; -0.500 ; 0.500        ; 1.000          ; Low Pulse Width  ; CLK   ; Rise       ; dfreg:inst|Q[3]~_emulated ;
; -0.500 ; 0.500        ; 1.000          ; High Pulse Width ; CLK   ; Rise       ; dfreg:inst|Q[4]~_emulated ;
; -0.500 ; 0.500        ; 1.000          ; Low Pulse Width  ; CLK   ; Rise       ; dfreg:inst|Q[4]~_emulated ;
; -0.500 ; 0.500        ; 1.000          ; High Pulse Width ; CLK   ; Rise       ; dfreg:inst|Q[5]~_emulated ;
; -0.500 ; 0.500        ; 1.000          ; Low Pulse Width  ; CLK   ; Rise       ; dfreg:inst|Q[5]~_emulated ;
; -0.500 ; 0.500        ; 1.000          ; High Pulse Width ; CLK   ; Rise       ; dfreg:inst|Q[6]~_emulated ;
; -0.500 ; 0.500        ; 1.000          ; Low Pulse Width  ; CLK   ; Rise       ; dfreg:inst|Q[6]~_emulated ;
; -0.500 ; 0.500        ; 1.000          ; High Pulse Width ; CLK   ; Rise       ; dfreg:inst|Q[7]~_emulated ;
; -0.500 ; 0.500        ; 1.000          ; Low Pulse Width  ; CLK   ; Rise       ; dfreg:inst|Q[7]~_emulated ;
; 0.500  ; 0.500        ; 0.000          ; High Pulse Width ; CLK   ; Rise       ; CLK|combout               ;
; 0.500  ; 0.500        ; 0.000          ; Low Pulse Width  ; CLK   ; Rise       ; CLK|combout               ;
; 0.500  ; 0.500        ; 0.000          ; High Pulse Width ; CLK   ; Rise       ; CLK~clkctrl|inclk[0]      ;
; 0.500  ; 0.500        ; 0.000          ; Low Pulse Width  ; CLK   ; Rise       ; CLK~clkctrl|inclk[0]      ;
; 0.500  ; 0.500        ; 0.000          ; High Pulse Width ; CLK   ; Rise       ; CLK~clkctrl|outclk        ;
; 0.500  ; 0.500        ; 0.000          ; Low Pulse Width  ; CLK   ; Rise       ; CLK~clkctrl|outclk        ;
; 0.500  ; 0.500        ; 0.000          ; High Pulse Width ; CLK   ; Rise       ; inst|Q[0]~_emulated|clk   ;
; 0.500  ; 0.500        ; 0.000          ; Low Pulse Width  ; CLK   ; Rise       ; inst|Q[0]~_emulated|clk   ;
; 0.500  ; 0.500        ; 0.000          ; High Pulse Width ; CLK   ; Rise       ; inst|Q[1]~_emulated|clk   ;
; 0.500  ; 0.500        ; 0.000          ; Low Pulse Width  ; CLK   ; Rise       ; inst|Q[1]~_emulated|clk   ;
; 0.500  ; 0.500        ; 0.000          ; High Pulse Width ; CLK   ; Rise       ; inst|Q[2]~_emulated|clk   ;
; 0.500  ; 0.500        ; 0.000          ; Low Pulse Width  ; CLK   ; Rise       ; inst|Q[2]~_emulated|clk   ;
; 0.500  ; 0.500        ; 0.000          ; High Pulse Width ; CLK   ; Rise       ; inst|Q[3]~_emulated|clk   ;
; 0.500  ; 0.500        ; 0.000          ; Low Pulse Width  ; CLK   ; Rise       ; inst|Q[3]~_emulated|clk   ;
; 0.500  ; 0.500        ; 0.000          ; High Pulse Width ; CLK   ; Rise       ; inst|Q[4]~_emulated|clk   ;
; 0.500  ; 0.500        ; 0.000          ; Low Pulse Width  ; CLK   ; Rise       ; inst|Q[4]~_emulated|clk   ;
; 0.500  ; 0.500        ; 0.000          ; High Pulse Width ; CLK   ; Rise       ; inst|Q[5]~_emulated|clk   ;
; 0.500  ; 0.500        ; 0.000          ; Low Pulse Width  ; CLK   ; Rise       ; inst|Q[5]~_emulated|clk   ;
; 0.500  ; 0.500        ; 0.000          ; High Pulse Width ; CLK   ; Rise       ; inst|Q[6]~_emulated|clk   ;
; 0.500  ; 0.500        ; 0.000          ; Low Pulse Width  ; CLK   ; Rise       ; inst|Q[6]~_emulated|clk   ;
; 0.500  ; 0.500        ; 0.000          ; High Pulse Width ; CLK   ; Rise       ; inst|Q[7]~_emulated|clk   ;
; 0.500  ; 0.500        ; 0.000          ; Low Pulse Width  ; CLK   ; Rise       ; inst|Q[7]~_emulated|clk   ;
+--------+--------------+----------------+------------------+-------+------------+---------------------------+


+-------------------------------------------------------------------------+
; Setup Times                                                             ;
+-----------+------------+--------+--------+------------+-----------------+
; Data Port ; Clock Port ; Rise   ; Fall   ; Clock Edge ; Clock Reference ;
+-----------+------------+--------+--------+------------+-----------------+
; D[*]      ; CLK        ; 4.784  ; 4.784  ; Rise       ; CLK             ;
;  D[0]     ; CLK        ; 3.174  ; 3.174  ; Rise       ; CLK             ;
;  D[1]     ; CLK        ; 4.784  ; 4.784  ; Rise       ; CLK             ;
;  D[2]     ; CLK        ; 3.484  ; 3.484  ; Rise       ; CLK             ;
;  D[3]     ; CLK        ; 3.726  ; 3.726  ; Rise       ; CLK             ;
;  D[4]     ; CLK        ; 4.187  ; 4.187  ; Rise       ; CLK             ;
;  D[5]     ; CLK        ; 3.488  ; 3.488  ; Rise       ; CLK             ;
;  D[6]     ; CLK        ; 3.663  ; 3.663  ; Rise       ; CLK             ;
;  D[7]     ; CLK        ; -0.289 ; -0.289 ; Rise       ; CLK             ;
+-----------+------------+--------+--------+------------+-----------------+


+-------------------------------------------------------------------------+
; Hold Times                                                              ;
+-----------+------------+--------+--------+------------+-----------------+
; Data Port ; Clock Port ; Rise   ; Fall   ; Clock Edge ; Clock Reference ;
+-----------+------------+--------+--------+------------+-----------------+
; D[*]      ; CLK        ; 0.519  ; 0.519  ; Rise       ; CLK             ;
;  D[0]     ; CLK        ; -2.944 ; -2.944 ; Rise       ; CLK             ;
;  D[1]     ; CLK        ; -4.554 ; -4.554 ; Rise       ; CLK             ;
;  D[2]     ; CLK        ; -3.254 ; -3.254 ; Rise       ; CLK             ;
;  D[3]     ; CLK        ; -3.496 ; -3.496 ; Rise       ; CLK             ;
;  D[4]     ; CLK        ; -3.957 ; -3.957 ; Rise       ; CLK             ;
;  D[5]     ; CLK        ; -3.258 ; -3.258 ; Rise       ; CLK             ;
;  D[6]     ; CLK        ; -3.433 ; -3.433 ; Rise       ; CLK             ;
;  D[7]     ; CLK        ; 0.519  ; 0.519  ; Rise       ; CLK             ;
+-----------+------------+--------+--------+------------+-----------------+


+-----------------------------------------------------------------------+
; Clock to Output Times                                                 ;
+-----------+------------+-------+-------+------------+-----------------+
; Data Port ; Clock Port ; Rise  ; Fall  ; Clock Edge ; Clock Reference ;
+-----------+------------+-------+-------+------------+-----------------+
; Q[*]      ; CLK        ; 9.816 ; 9.816 ; Rise       ; CLK             ;
;  Q[0]     ; CLK        ; 7.424 ; 7.424 ; Rise       ; CLK             ;
;  Q[1]     ; CLK        ; 7.816 ; 7.816 ; Rise       ; CLK             ;
;  Q[2]     ; CLK        ; 7.125 ; 7.125 ; Rise       ; CLK             ;
;  Q[3]     ; CLK        ; 7.567 ; 7.567 ; Rise       ; CLK             ;
;  Q[4]     ; CLK        ; 7.097 ; 7.097 ; Rise       ; CLK             ;
;  Q[5]     ; CLK        ; 9.816 ; 9.816 ; Rise       ; CLK             ;
;  Q[6]     ; CLK        ; 9.768 ; 9.768 ; Rise       ; CLK             ;
;  Q[7]     ; CLK        ; 7.351 ; 7.351 ; Rise       ; CLK             ;
+-----------+------------+-------+-------+------------+-----------------+


+-----------------------------------------------------------------------+
; Minimum Clock to Output Times                                         ;
+-----------+------------+-------+-------+------------+-----------------+
; Data Port ; Clock Port ; Rise  ; Fall  ; Clock Edge ; Clock Reference ;
+-----------+------------+-------+-------+------------+-----------------+
; Q[*]      ; CLK        ; 7.097 ; 7.097 ; Rise       ; CLK             ;
;  Q[0]     ; CLK        ; 7.424 ; 7.424 ; Rise       ; CLK             ;
;  Q[1]     ; CLK        ; 7.816 ; 7.816 ; Rise       ; CLK             ;
;  Q[2]     ; CLK        ; 7.125 ; 7.125 ; Rise       ; CLK             ;
;  Q[3]     ; CLK        ; 7.567 ; 7.567 ; Rise       ; CLK             ;
;  Q[4]     ; CLK        ; 7.097 ; 7.097 ; Rise       ; CLK             ;
;  Q[5]     ; CLK        ; 9.816 ; 9.816 ; Rise       ; CLK             ;
;  Q[6]     ; CLK        ; 9.768 ; 9.768 ; Rise       ; CLK             ;
;  Q[7]     ; CLK        ; 7.351 ; 7.351 ; Rise       ; CLK             ;
+-----------+------------+-------+-------+------------+-----------------+


+------------------------------------------------------------+
; Propagation Delay                                          ;
+------------+-------------+--------+-------+-------+--------+
; Input Port ; Output Port ; RR     ; RF    ; FR    ; FF     ;
+------------+-------------+--------+-------+-------+--------+
; CLR        ; Q[0]        ;        ; 6.693 ; 6.693 ;        ;
; CLR        ; Q[1]        ;        ; 6.638 ; 6.638 ;        ;
; CLR        ; Q[2]        ;        ; 6.385 ; 6.385 ;        ;
; CLR        ; Q[3]        ;        ; 6.421 ; 6.421 ;        ;
; CLR        ; Q[4]        ;        ; 6.408 ; 6.408 ;        ;
; CLR        ; Q[5]        ;        ; 8.560 ; 8.560 ;        ;
; CLR        ; Q[6]        ;        ; 9.038 ; 9.038 ;        ;
; CLR        ; Q[7]        ;        ; 6.624 ; 6.624 ;        ;
; SET        ; Q[0]        ; 11.227 ;       ;       ; 11.227 ;
; SET        ; Q[1]        ; 11.172 ;       ;       ; 11.172 ;
; SET        ; Q[2]        ; 10.919 ;       ;       ; 10.919 ;
; SET        ; Q[3]        ; 10.955 ;       ;       ; 10.955 ;
; SET        ; Q[4]        ; 10.942 ;       ;       ; 10.942 ;
; SET        ; Q[5]        ; 13.094 ;       ;       ; 13.094 ;
; SET        ; Q[6]        ; 13.572 ;       ;       ; 13.572 ;
; SET        ; Q[7]        ; 11.158 ;       ;       ; 11.158 ;
+------------+-------------+--------+-------+-------+--------+


+------------------------------------------------------------+
; Minimum Propagation Delay                                  ;
+------------+-------------+--------+-------+-------+--------+
; Input Port ; Output Port ; RR     ; RF    ; FR    ; FF     ;
+------------+-------------+--------+-------+-------+--------+
; CLR        ; Q[0]        ;        ; 6.104 ; 6.104 ;        ;
; CLR        ; Q[1]        ;        ; 6.046 ; 6.046 ;        ;
; CLR        ; Q[2]        ;        ; 5.797 ; 5.797 ;        ;
; CLR        ; Q[3]        ;        ; 5.829 ; 5.829 ;        ;
; CLR        ; Q[4]        ;        ; 6.083 ; 6.083 ;        ;
; CLR        ; Q[5]        ;        ; 7.972 ; 7.972 ;        ;
; CLR        ; Q[6]        ;        ; 8.446 ; 8.446 ;        ;
; CLR        ; Q[7]        ;        ; 6.033 ; 6.033 ;        ;
; SET        ; Q[0]        ; 11.227 ;       ;       ; 11.227 ;
; SET        ; Q[1]        ; 11.172 ;       ;       ; 11.172 ;
; SET        ; Q[2]        ; 10.919 ;       ;       ; 10.919 ;
; SET        ; Q[3]        ; 10.955 ;       ;       ; 10.955 ;
; SET        ; Q[4]        ; 10.942 ;       ;       ; 10.942 ;
; SET        ; Q[5]        ; 13.094 ;       ;       ; 13.094 ;
; SET        ; Q[6]        ; 13.572 ;       ;       ; 13.572 ;
; SET        ; Q[7]        ; 11.158 ;       ;       ; 11.158 ;
+------------+-------------+--------+-------+-------+--------+


----------------------------
; Fast Model Setup Summary ;
----------------------------
No paths to report.


---------------------------
; Fast Model Hold Summary ;
---------------------------
No paths to report.


-------------------------------
; Fast Model Recovery Summary ;
-------------------------------
No paths to report.


------------------------------
; Fast Model Removal Summary ;
------------------------------
No paths to report.


+----------------------------------------+
; Fast Model Minimum Pulse Width Summary ;
+-------+--------+-----------------------+
; Clock ; Slack  ; End Point TNS         ;
+-------+--------+-----------------------+
; CLK   ; -1.380 ; -9.380                ;
+-------+--------+-----------------------+


+------------------------------------------------------------------------------------------------------------+
; Fast Model Minimum Pulse Width: 'CLK'                                                                      ;
+--------+--------------+----------------+------------------+-------+------------+---------------------------+
; Slack  ; Actual Width ; Required Width ; Type             ; Clock ; Clock Edge ; Target                    ;
+--------+--------------+----------------+------------------+-------+------------+---------------------------+
; -1.380 ; 1.000        ; 2.380          ; Port Rate        ; CLK   ; Rise       ; CLK                       ;
; -0.500 ; 0.500        ; 1.000          ; High Pulse Width ; CLK   ; Rise       ; dfreg:inst|Q[0]~_emulated ;
; -0.500 ; 0.500        ; 1.000          ; Low Pulse Width  ; CLK   ; Rise       ; dfreg:inst|Q[0]~_emulated ;
; -0.500 ; 0.500        ; 1.000          ; High Pulse Width ; CLK   ; Rise       ; dfreg:inst|Q[1]~_emulated ;
; -0.500 ; 0.500        ; 1.000          ; Low Pulse Width  ; CLK   ; Rise       ; dfreg:inst|Q[1]~_emulated ;
; -0.500 ; 0.500        ; 1.000          ; High Pulse Width ; CLK   ; Rise       ; dfreg:inst|Q[2]~_emulated ;
; -0.500 ; 0.500        ; 1.000          ; Low Pulse Width  ; CLK   ; Rise       ; dfreg:inst|Q[2]~_emulated ;
; -0.500 ; 0.500        ; 1.000          ; High Pulse Width ; CLK   ; Rise       ; dfreg:inst|Q[3]~_emulated ;
; -0.500 ; 0.500        ; 1.000          ; Low Pulse Width  ; CLK   ; Rise       ; dfreg:inst|Q[3]~_emulated ;
; -0.500 ; 0.500        ; 1.000          ; High Pulse Width ; CLK   ; Rise       ; dfreg:inst|Q[4]~_emulated ;
; -0.500 ; 0.500        ; 1.000          ; Low Pulse Width  ; CLK   ; Rise       ; dfreg:inst|Q[4]~_emulated ;
; -0.500 ; 0.500        ; 1.000          ; High Pulse Width ; CLK   ; Rise       ; dfreg:inst|Q[5]~_emulated ;
; -0.500 ; 0.500        ; 1.000          ; Low Pulse Width  ; CLK   ; Rise       ; dfreg:inst|Q[5]~_emulated ;
; -0.500 ; 0.500        ; 1.000          ; High Pulse Width ; CLK   ; Rise       ; dfreg:inst|Q[6]~_emulated ;
; -0.500 ; 0.500        ; 1.000          ; Low Pulse Width  ; CLK   ; Rise       ; dfreg:inst|Q[6]~_emulated ;
; -0.500 ; 0.500        ; 1.000          ; High Pulse Width ; CLK   ; Rise       ; dfreg:inst|Q[7]~_emulated ;
; -0.500 ; 0.500        ; 1.000          ; Low Pulse Width  ; CLK   ; Rise       ; dfreg:inst|Q[7]~_emulated ;
; 0.500  ; 0.500        ; 0.000          ; High Pulse Width ; CLK   ; Rise       ; CLK|combout               ;
; 0.500  ; 0.500        ; 0.000          ; Low Pulse Width  ; CLK   ; Rise       ; CLK|combout               ;
; 0.500  ; 0.500        ; 0.000          ; High Pulse Width ; CLK   ; Rise       ; CLK~clkctrl|inclk[0]      ;
; 0.500  ; 0.500        ; 0.000          ; Low Pulse Width  ; CLK   ; Rise       ; CLK~clkctrl|inclk[0]      ;
; 0.500  ; 0.500        ; 0.000          ; High Pulse Width ; CLK   ; Rise       ; CLK~clkctrl|outclk        ;
; 0.500  ; 0.500        ; 0.000          ; Low Pulse Width  ; CLK   ; Rise       ; CLK~clkctrl|outclk        ;
; 0.500  ; 0.500        ; 0.000          ; High Pulse Width ; CLK   ; Rise       ; inst|Q[0]~_emulated|clk   ;
; 0.500  ; 0.500        ; 0.000          ; Low Pulse Width  ; CLK   ; Rise       ; inst|Q[0]~_emulated|clk   ;
; 0.500  ; 0.500        ; 0.000          ; High Pulse Width ; CLK   ; Rise       ; inst|Q[1]~_emulated|clk   ;
; 0.500  ; 0.500        ; 0.000          ; Low Pulse Width  ; CLK   ; Rise       ; inst|Q[1]~_emulated|clk   ;
; 0.500  ; 0.500        ; 0.000          ; High Pulse Width ; CLK   ; Rise       ; inst|Q[2]~_emulated|clk   ;
; 0.500  ; 0.500        ; 0.000          ; Low Pulse Width  ; CLK   ; Rise       ; inst|Q[2]~_emulated|clk   ;
; 0.500  ; 0.500        ; 0.000          ; High Pulse Width ; CLK   ; Rise       ; inst|Q[3]~_emulated|clk   ;
; 0.500  ; 0.500        ; 0.000          ; Low Pulse Width  ; CLK   ; Rise       ; inst|Q[3]~_emulated|clk   ;
; 0.500  ; 0.500        ; 0.000          ; High Pulse Width ; CLK   ; Rise       ; inst|Q[4]~_emulated|clk   ;
; 0.500  ; 0.500        ; 0.000          ; Low Pulse Width  ; CLK   ; Rise       ; inst|Q[4]~_emulated|clk   ;
; 0.500  ; 0.500        ; 0.000          ; High Pulse Width ; CLK   ; Rise       ; inst|Q[5]~_emulated|clk   ;
; 0.500  ; 0.500        ; 0.000          ; Low Pulse Width  ; CLK   ; Rise       ; inst|Q[5]~_emulated|clk   ;
; 0.500  ; 0.500        ; 0.000          ; High Pulse Width ; CLK   ; Rise       ; inst|Q[6]~_emulated|clk   ;
; 0.500  ; 0.500        ; 0.000          ; Low Pulse Width  ; CLK   ; Rise       ; inst|Q[6]~_emulated|clk   ;
; 0.500  ; 0.500        ; 0.000          ; High Pulse Width ; CLK   ; Rise       ; inst|Q[7]~_emulated|clk   ;
; 0.500  ; 0.500        ; 0.000          ; Low Pulse Width  ; CLK   ; Rise       ; inst|Q[7]~_emulated|clk   ;
+--------+--------------+----------------+------------------+-------+------------+---------------------------+


+-------------------------------------------------------------------------+
; Setup Times                                                             ;
+-----------+------------+--------+--------+------------+-----------------+
; Data Port ; Clock Port ; Rise   ; Fall   ; Clock Edge ; Clock Reference ;
+-----------+------------+--------+--------+------------+-----------------+
; D[*]      ; CLK        ; 2.562  ; 2.562  ; Rise       ; CLK             ;
;  D[0]     ; CLK        ; 1.725  ; 1.725  ; Rise       ; CLK             ;
;  D[1]     ; CLK        ; 2.562  ; 2.562  ; Rise       ; CLK             ;
;  D[2]     ; CLK        ; 1.897  ; 1.897  ; Rise       ; CLK             ;
;  D[3]     ; CLK        ; 1.949  ; 1.949  ; Rise       ; CLK             ;
;  D[4]     ; CLK        ; 2.296  ; 2.296  ; Rise       ; CLK             ;
;  D[5]     ; CLK        ; 1.880  ; 1.880  ; Rise       ; CLK             ;
;  D[6]     ; CLK        ; 1.955  ; 1.955  ; Rise       ; CLK             ;
;  D[7]     ; CLK        ; -0.462 ; -0.462 ; Rise       ; CLK             ;
+-----------+------------+--------+--------+------------+-----------------+


+-------------------------------------------------------------------------+
; Hold Times                                                              ;
+-----------+------------+--------+--------+------------+-----------------+
; Data Port ; Clock Port ; Rise   ; Fall   ; Clock Edge ; Clock Reference ;
+-----------+------------+--------+--------+------------+-----------------+
; D[*]      ; CLK        ; 0.582  ; 0.582  ; Rise       ; CLK             ;
;  D[0]     ; CLK        ; -1.605 ; -1.605 ; Rise       ; CLK             ;
;  D[1]     ; CLK        ; -2.442 ; -2.442 ; Rise       ; CLK             ;
;  D[2]     ; CLK        ; -1.777 ; -1.777 ; Rise       ; CLK             ;
;  D[3]     ; CLK        ; -1.829 ; -1.829 ; Rise       ; CLK             ;
;  D[4]     ; CLK        ; -2.176 ; -2.176 ; Rise       ; CLK             ;
;  D[5]     ; CLK        ; -1.760 ; -1.760 ; Rise       ; CLK             ;
;  D[6]     ; CLK        ; -1.835 ; -1.835 ; Rise       ; CLK             ;
;  D[7]     ; CLK        ; 0.582  ; 0.582  ; Rise       ; CLK             ;
+-----------+------------+--------+--------+------------+-----------------+


+-----------------------------------------------------------------------+
; Clock to Output Times                                                 ;
+-----------+------------+-------+-------+------------+-----------------+
; Data Port ; Clock Port ; Rise  ; Fall  ; Clock Edge ; Clock Reference ;
+-----------+------------+-------+-------+------------+-----------------+
; Q[*]      ; CLK        ; 5.254 ; 5.254 ; Rise       ; CLK             ;
;  Q[0]     ; CLK        ; 4.140 ; 4.140 ; Rise       ; CLK             ;
;  Q[1]     ; CLK        ; 4.288 ; 4.288 ; Rise       ; CLK             ;
;  Q[2]     ; CLK        ; 3.985 ; 3.985 ; Rise       ; CLK             ;
;  Q[3]     ; CLK        ; 4.177 ; 4.177 ; Rise       ; CLK             ;
;  Q[4]     ; CLK        ; 3.968 ; 3.968 ; Rise       ; CLK             ;
;  Q[5]     ; CLK        ; 5.155 ; 5.155 ; Rise       ; CLK             ;
;  Q[6]     ; CLK        ; 5.254 ; 5.254 ; Rise       ; CLK             ;
;  Q[7]     ; CLK        ; 4.080 ; 4.080 ; Rise       ; CLK             ;
+-----------+------------+-------+-------+------------+-----------------+


+-----------------------------------------------------------------------+
; Minimum Clock to Output Times                                         ;
+-----------+------------+-------+-------+------------+-----------------+
; Data Port ; Clock Port ; Rise  ; Fall  ; Clock Edge ; Clock Reference ;
+-----------+------------+-------+-------+------------+-----------------+
; Q[*]      ; CLK        ; 3.968 ; 3.968 ; Rise       ; CLK             ;
;  Q[0]     ; CLK        ; 4.140 ; 4.140 ; Rise       ; CLK             ;
;  Q[1]     ; CLK        ; 4.288 ; 4.288 ; Rise       ; CLK             ;
;  Q[2]     ; CLK        ; 3.985 ; 3.985 ; Rise       ; CLK             ;
;  Q[3]     ; CLK        ; 4.177 ; 4.177 ; Rise       ; CLK             ;
;  Q[4]     ; CLK        ; 3.968 ; 3.968 ; Rise       ; CLK             ;
;  Q[5]     ; CLK        ; 5.155 ; 5.155 ; Rise       ; CLK             ;
;  Q[6]     ; CLK        ; 5.254 ; 5.254 ; Rise       ; CLK             ;
;  Q[7]     ; CLK        ; 4.080 ; 4.080 ; Rise       ; CLK             ;
+-----------+------------+-------+-------+------------+-----------------+


+----------------------------------------------------------+
; Propagation Delay                                        ;
+------------+-------------+-------+-------+-------+-------+
; Input Port ; Output Port ; RR    ; RF    ; FR    ; FF    ;
+------------+-------------+-------+-------+-------+-------+
; CLR        ; Q[0]        ;       ; 3.457 ; 3.457 ;       ;
; CLR        ; Q[1]        ;       ; 3.411 ; 3.411 ;       ;
; CLR        ; Q[2]        ;       ; 3.285 ; 3.285 ;       ;
; CLR        ; Q[3]        ;       ; 3.302 ; 3.302 ;       ;
; CLR        ; Q[4]        ;       ; 3.302 ; 3.302 ;       ;
; CLR        ; Q[5]        ;       ; 4.230 ; 4.230 ;       ;
; CLR        ; Q[6]        ;       ; 4.572 ; 4.572 ;       ;
; CLR        ; Q[7]        ;       ; 3.399 ; 3.399 ;       ;
; SET        ; Q[0]        ; 6.242 ;       ;       ; 6.242 ;
; SET        ; Q[1]        ; 6.196 ;       ;       ; 6.196 ;
; SET        ; Q[2]        ; 6.070 ;       ;       ; 6.070 ;
; SET        ; Q[3]        ; 6.087 ;       ;       ; 6.087 ;
; SET        ; Q[4]        ; 6.087 ;       ;       ; 6.087 ;
; SET        ; Q[5]        ; 7.015 ;       ;       ; 7.015 ;
; SET        ; Q[6]        ; 7.357 ;       ;       ; 7.357 ;
; SET        ; Q[7]        ; 6.184 ;       ;       ; 6.184 ;
+------------+-------------+-------+-------+-------+-------+


+----------------------------------------------------------+
; Minimum Propagation Delay                                ;
+------------+-------------+-------+-------+-------+-------+
; Input Port ; Output Port ; RR    ; RF    ; FR    ; FF    ;
+------------+-------------+-------+-------+-------+-------+
; CLR        ; Q[0]        ;       ; 3.199 ; 3.199 ;       ;
; CLR        ; Q[1]        ;       ; 3.153 ; 3.153 ;       ;
; CLR        ; Q[2]        ;       ; 3.030 ; 3.030 ;       ;
; CLR        ; Q[3]        ;       ; 3.047 ; 3.047 ;       ;
; CLR        ; Q[4]        ;       ; 3.177 ; 3.177 ;       ;
; CLR        ; Q[5]        ;       ; 3.976 ; 3.976 ;       ;
; CLR        ; Q[6]        ;       ; 4.315 ; 4.315 ;       ;
; CLR        ; Q[7]        ;       ; 3.143 ; 3.143 ;       ;
; SET        ; Q[0]        ; 6.242 ;       ;       ; 6.242 ;
; SET        ; Q[1]        ; 6.196 ;       ;       ; 6.196 ;
; SET        ; Q[2]        ; 6.070 ;       ;       ; 6.070 ;
; SET        ; Q[3]        ; 6.087 ;       ;       ; 6.087 ;
; SET        ; Q[4]        ; 6.087 ;       ;       ; 6.087 ;
; SET        ; Q[5]        ; 7.015 ;       ;       ; 7.015 ;
; SET        ; Q[6]        ; 7.357 ;       ;       ; 7.357 ;
; SET        ; Q[7]        ; 6.184 ;       ;       ; 6.184 ;
+------------+-------------+-------+-------+-------+-------+


+----------------------------------------------------------------------------+
; Multicorner Timing Analysis Summary                                        ;
+------------------+-------+------+----------+---------+---------------------+
; Clock            ; Setup ; Hold ; Recovery ; Removal ; Minimum Pulse Width ;
+------------------+-------+------+----------+---------+---------------------+
; Worst-case Slack ; N/A   ; N/A  ; N/A      ; N/A     ; -1.380              ;
;  CLK             ; N/A   ; N/A  ; N/A      ; N/A     ; -1.380              ;
; Design-wide TNS  ; 0.0   ; 0.0  ; 0.0      ; 0.0     ; -9.38               ;
;  CLK             ; N/A   ; N/A  ; N/A      ; N/A     ; -9.380              ;
+------------------+-------+------+----------+---------+---------------------+


+-------------------------------------------------------------------------+
; Setup Times                                                             ;
+-----------+------------+--------+--------+------------+-----------------+
; Data Port ; Clock Port ; Rise   ; Fall   ; Clock Edge ; Clock Reference ;
+-----------+------------+--------+--------+------------+-----------------+
; D[*]      ; CLK        ; 4.784  ; 4.784  ; Rise       ; CLK             ;
;  D[0]     ; CLK        ; 3.174  ; 3.174  ; Rise       ; CLK             ;
;  D[1]     ; CLK        ; 4.784  ; 4.784  ; Rise       ; CLK             ;
;  D[2]     ; CLK        ; 3.484  ; 3.484  ; Rise       ; CLK             ;
;  D[3]     ; CLK        ; 3.726  ; 3.726  ; Rise       ; CLK             ;
;  D[4]     ; CLK        ; 4.187  ; 4.187  ; Rise       ; CLK             ;
;  D[5]     ; CLK        ; 3.488  ; 3.488  ; Rise       ; CLK             ;
;  D[6]     ; CLK        ; 3.663  ; 3.663  ; Rise       ; CLK             ;
;  D[7]     ; CLK        ; -0.289 ; -0.289 ; Rise       ; CLK             ;
+-----------+------------+--------+--------+------------+-----------------+


+-------------------------------------------------------------------------+
; Hold Times                                                              ;
+-----------+------------+--------+--------+------------+-----------------+
; Data Port ; Clock Port ; Rise   ; Fall   ; Clock Edge ; Clock Reference ;
+-----------+------------+--------+--------+------------+-----------------+
; D[*]      ; CLK        ; 0.582  ; 0.582  ; Rise       ; CLK             ;
;  D[0]     ; CLK        ; -1.605 ; -1.605 ; Rise       ; CLK             ;
;  D[1]     ; CLK        ; -2.442 ; -2.442 ; Rise       ; CLK             ;
;  D[2]     ; CLK        ; -1.777 ; -1.777 ; Rise       ; CLK             ;
;  D[3]     ; CLK        ; -1.829 ; -1.829 ; Rise       ; CLK             ;
;  D[4]     ; CLK        ; -2.176 ; -2.176 ; Rise       ; CLK             ;
;  D[5]     ; CLK        ; -1.760 ; -1.760 ; Rise       ; CLK             ;
;  D[6]     ; CLK        ; -1.835 ; -1.835 ; Rise       ; CLK             ;
;  D[7]     ; CLK        ; 0.582  ; 0.582  ; Rise       ; CLK             ;
+-----------+------------+--------+--------+------------+-----------------+


+-----------------------------------------------------------------------+
; Clock to Output Times                                                 ;
+-----------+------------+-------+-------+------------+-----------------+
; Data Port ; Clock Port ; Rise  ; Fall  ; Clock Edge ; Clock Reference ;
+-----------+------------+-------+-------+------------+-----------------+
; Q[*]      ; CLK        ; 9.816 ; 9.816 ; Rise       ; CLK             ;
;  Q[0]     ; CLK        ; 7.424 ; 7.424 ; Rise       ; CLK             ;
;  Q[1]     ; CLK        ; 7.816 ; 7.816 ; Rise       ; CLK             ;
;  Q[2]     ; CLK        ; 7.125 ; 7.125 ; Rise       ; CLK             ;
;  Q[3]     ; CLK        ; 7.567 ; 7.567 ; Rise       ; CLK             ;
;  Q[4]     ; CLK        ; 7.097 ; 7.097 ; Rise       ; CLK             ;
;  Q[5]     ; CLK        ; 9.816 ; 9.816 ; Rise       ; CLK             ;
;  Q[6]     ; CLK        ; 9.768 ; 9.768 ; Rise       ; CLK             ;
;  Q[7]     ; CLK        ; 7.351 ; 7.351 ; Rise       ; CLK             ;
+-----------+------------+-------+-------+------------+-----------------+


+-----------------------------------------------------------------------+
; Minimum Clock to Output Times                                         ;
+-----------+------------+-------+-------+------------+-----------------+
; Data Port ; Clock Port ; Rise  ; Fall  ; Clock Edge ; Clock Reference ;
+-----------+------------+-------+-------+------------+-----------------+
; Q[*]      ; CLK        ; 3.968 ; 3.968 ; Rise       ; CLK             ;
;  Q[0]     ; CLK        ; 4.140 ; 4.140 ; Rise       ; CLK             ;
;  Q[1]     ; CLK        ; 4.288 ; 4.288 ; Rise       ; CLK             ;
;  Q[2]     ; CLK        ; 3.985 ; 3.985 ; Rise       ; CLK             ;
;  Q[3]     ; CLK        ; 4.177 ; 4.177 ; Rise       ; CLK             ;
;  Q[4]     ; CLK        ; 3.968 ; 3.968 ; Rise       ; CLK             ;
;  Q[5]     ; CLK        ; 5.155 ; 5.155 ; Rise       ; CLK             ;
;  Q[6]     ; CLK        ; 5.254 ; 5.254 ; Rise       ; CLK             ;
;  Q[7]     ; CLK        ; 4.080 ; 4.080 ; Rise       ; CLK             ;
+-----------+------------+-------+-------+------------+-----------------+


+------------------------------------------------------------+
; Progagation Delay                                          ;
+------------+-------------+--------+-------+-------+--------+
; Input Port ; Output Port ; RR     ; RF    ; FR    ; FF     ;
+------------+-------------+--------+-------+-------+--------+
; CLR        ; Q[0]        ;        ; 6.693 ; 6.693 ;        ;
; CLR        ; Q[1]        ;        ; 6.638 ; 6.638 ;        ;
; CLR        ; Q[2]        ;        ; 6.385 ; 6.385 ;        ;
; CLR        ; Q[3]        ;        ; 6.421 ; 6.421 ;        ;
; CLR        ; Q[4]        ;        ; 6.408 ; 6.408 ;        ;
; CLR        ; Q[5]        ;        ; 8.560 ; 8.560 ;        ;
; CLR        ; Q[6]        ;        ; 9.038 ; 9.038 ;        ;
; CLR        ; Q[7]        ;        ; 6.624 ; 6.624 ;        ;
; SET        ; Q[0]        ; 11.227 ;       ;       ; 11.227 ;
; SET        ; Q[1]        ; 11.172 ;       ;       ; 11.172 ;
; SET        ; Q[2]        ; 10.919 ;       ;       ; 10.919 ;
; SET        ; Q[3]        ; 10.955 ;       ;       ; 10.955 ;
; SET        ; Q[4]        ; 10.942 ;       ;       ; 10.942 ;
; SET        ; Q[5]        ; 13.094 ;       ;       ; 13.094 ;
; SET        ; Q[6]        ; 13.572 ;       ;       ; 13.572 ;
; SET        ; Q[7]        ; 11.158 ;       ;       ; 11.158 ;
+------------+-------------+--------+-------+-------+--------+


+----------------------------------------------------------+
; Minimum Progagation Delay                                ;
+------------+-------------+-------+-------+-------+-------+
; Input Port ; Output Port ; RR    ; RF    ; FR    ; FF    ;
+------------+-------------+-------+-------+-------+-------+
; CLR        ; Q[0]        ;       ; 3.199 ; 3.199 ;       ;
; CLR        ; Q[1]        ;       ; 3.153 ; 3.153 ;       ;
; CLR        ; Q[2]        ;       ; 3.030 ; 3.030 ;       ;
; CLR        ; Q[3]        ;       ; 3.047 ; 3.047 ;       ;
; CLR        ; Q[4]        ;       ; 3.177 ; 3.177 ;       ;
; CLR        ; Q[5]        ;       ; 3.976 ; 3.976 ;       ;
; CLR        ; Q[6]        ;       ; 4.315 ; 4.315 ;       ;
; CLR        ; Q[7]        ;       ; 3.143 ; 3.143 ;       ;
; SET        ; Q[0]        ; 6.242 ;       ;       ; 6.242 ;
; SET        ; Q[1]        ; 6.196 ;       ;       ; 6.196 ;
; SET        ; Q[2]        ; 6.070 ;       ;       ; 6.070 ;
; SET        ; Q[3]        ; 6.087 ;       ;       ; 6.087 ;
; SET        ; Q[4]        ; 6.087 ;       ;       ; 6.087 ;
; SET        ; Q[5]        ; 7.015 ;       ;       ; 7.015 ;
; SET        ; Q[6]        ; 7.357 ;       ;       ; 7.357 ;
; SET        ; Q[7]        ; 6.184 ;       ;       ; 6.184 ;
+------------+-------------+-------+-------+-------+-------+


-------------------
; Clock Transfers ;
-------------------
Nothing to report.


---------------
; Report TCCS ;
---------------
No dedicated SERDES Transmitter circuitry present in device or used in design


---------------
; Report RSKM ;
---------------
No dedicated SERDES Receiver circuitry present in device or used in design


+------------------------------------------------+
; Unconstrained Paths                            ;
+---------------------------------+-------+------+
; Property                        ; Setup ; Hold ;
+---------------------------------+-------+------+
; Illegal Clocks                  ; 0     ; 0    ;
; Unconstrained Clocks            ; 0     ; 0    ;
; Unconstrained Input Ports       ; 10    ; 10   ;
; Unconstrained Input Port Paths  ; 42    ; 42   ;
; Unconstrained Output Ports      ; 8     ; 8    ;
; Unconstrained Output Port Paths ; 32    ; 32   ;
+---------------------------------+-------+------+


+------------------------------------+
; TimeQuest Timing Analyzer Messages ;
+------------------------------------+
Info: *******************************************************************
Info: Running Quartus II TimeQuest Timing Analyzer
    Info: Version 9.1 Build 350 03/24/2010 Service Pack 2 SJ Web Edition
    Info: Processing started: Fri May 03 00:49:20 2019
Info: Command: quartus_sta part2er1 -c part2er1
Info: qsta_default_script.tcl version: #1
Info: Detected changes in source files.
    Info: Source file: C:/altera/91sp2/quartus/ex4 psifiaki 2/er4/part2er1/reg.bdf has changed.
Info: Low junction temperature is 0 degrees C
Info: High junction temperature is 85 degrees C
Warning: Found USE_TIMEQUEST_TIMING_ANALYZER=OFF. The TimeQuest Timing Analyzer is not the default Timing Analysis Tool during full compilation.
Warning: Timing Analysis is analyzing one or more combinational loops as latches
    Warning: Node "inst|Q[7]~latch|combout" is a latch
Info: Reading SDC File: 'part2er1.sdc'
Info: No user constrained base clocks found in the design. Calling "derive_clocks -period 1.0"
Info: Deriving Clocks
    Info: create_clock -period 1.000 -name CLK CLK
Info: Analyzing Slow Model
Info: No fmax paths to report
Info: No Setup paths to report
Info: No Hold paths to report
Info: No Recovery paths to report
Info: No Removal paths to report
Critical Warning: Timing requirements not met
Info: Worst-case minimum pulse width slack is -1.380
    Info:     Slack End Point TNS Clock 
    Info: ========= ============= =====================
    Info:    -1.380        -9.380 CLK 
Info: The selected device family is not supported by the report_metastability command.
Info: Analyzing Fast Model
Info: Started post-fitting delay annotation
Warning: Found 8 output pins without output pin load capacitance assignment
    Info: Pin "Q[7]" has no specified output pin load capacitance -- assuming default load capacitance of 0 pF for timing analysis
    Info: Pin "Q[6]" has no specified output pin load capacitance -- assuming default load capacitance of 0 pF for timing analysis
    Info: Pin "Q[5]" has no specified output pin load capacitance -- assuming default load capacitance of 0 pF for timing analysis
    Info: Pin "Q[4]" has no specified output pin load capacitance -- assuming default load capacitance of 0 pF for timing analysis
    Info: Pin "Q[3]" has no specified output pin load capacitance -- assuming default load capacitance of 0 pF for timing analysis
    Info: Pin "Q[2]" has no specified output pin load capacitance -- assuming default load capacitance of 0 pF for timing analysis
    Info: Pin "Q[1]" has no specified output pin load capacitance -- assuming default load capacitance of 0 pF for timing analysis
    Info: Pin "Q[0]" has no specified output pin load capacitance -- assuming default load capacitance of 0 pF for timing analysis
Info: Delay annotation completed successfully
Info: No Setup paths to report
Info: No Hold paths to report
Info: No Recovery paths to report
Info: No Removal paths to report
Critical Warning: Timing requirements not met
Info: Worst-case minimum pulse width slack is -1.380
    Info:     Slack End Point TNS Clock 
    Info: ========= ============= =====================
    Info:    -1.380        -9.380 CLK 
Info: The selected device family is not supported by the report_metastability command.
Info: Design is not fully constrained for setup requirements
Info: Design is not fully constrained for hold requirements
Info: Quartus II TimeQuest Timing Analyzer was successful. 0 errors, 6 warnings
    Info: Peak virtual memory: 239 megabytes
    Info: Processing ended: Fri May 03 00:49:21 2019
    Info: Elapsed time: 00:00:01
    Info: Total CPU time (on all processors): 00:00:01


